<?xml version="1.0" encoding="UTF-8"?>
<!-- Generated by org.testng.reporters.JUnitReportReporter -->
<testsuite hostname="SEVEN-BITS" failures="0" tests="1" name="com.testcases.HomePageTest" time="7.698" errors="0" timestamp="2022-07-25T08:37:36 IST" skipped="0">
  <testcase classname="com.testcases.HomePageTest" name="addProd" time="7.698"/>
  <system-out/>
</testsuite> <!-- com.testcases.HomePageTest -->
