<?xml version="1.0" encoding="UTF-8"?>
<!-- Generated by org.testng.reporters.JUnitReportReporter -->
<testsuite hostname="SEVEN-BITS" failures="0" tests="3" name="com.testcases.LoginPageTest" time="1.237" errors="0" timestamp="2023-02-08T12:56:31 IST" skipped="0">
  <testcase classname="com.testcases.LoginPageTest" name="verifyLogin" time="0.012"/>
  <system-out/>
  <testcase classname="com.testcases.LoginPageTest" name="NavLoginPage" time="0.428"/>
  <system-out/>
  <testcase classname="com.testcases.LoginPageTest" name="loginTest" time="0.797"/>
  <system-out/>
</testsuite> <!-- com.testcases.LoginPageTest -->
