<?xml version="1.0" encoding="UTF-8"?>
<!-- Generated by org.testng.reporters.JUnitReportReporter -->
<testsuite hostname="SEVEN-BITS" failures="0" tests="3" name="com.testcases.RegisterPageTest" time="1.528" errors="0" timestamp="2022-07-16T17:20:36 IST" skipped="0">
  <testcase classname="com.testcases.RegisterPageTest" name="navRegPage" time="0.615"/>
  <system-out/>
  <testcase classname="com.testcases.RegisterPageTest" name="verifyReg" time="0.009"/>
  <system-out/>
  <testcase classname="com.testcases.RegisterPageTest" name="fillRegDetails" time="0.904"/>
  <system-out/>
</testsuite> <!-- com.testcases.RegisterPageTest -->
